<?xml version="1.0" encoding="UTF-8"?>
<!-- Generated by org.testng.reporters.JUnitXMLReporter -->
<testsuite ignored="0" hostname="User-PC" failures="0" tests="4" name="Default test" time="0.3" errors="0" timestamp="2022-06-17T12:11:16 IST">
  <testcase classname="qsp.customermodule1" name="deletcustomer" time="0.028"/>
  <testcase classname="qsp.customermodule1" name="registercustomer" time="0.011"/>
  <testcase classname="qsp.customermodule1" name="editcustomer" time="0.008"/>
  <testcase classname="qsp.customermodule1" name="editcustomer" time="0.009"/>
</testsuite> <!-- Default test -->
